c:\users\valen\testest\fractalsexplorer\release\vc142.pdb
c:\users\valen\testest\fractalsexplorer\release\windowinteractor.obj
c:\users\valen\testest\fractalsexplorer\release\screenshotter.obj
c:\users\valen\testest\fractalsexplorer\release\manager.obj
c:\users\valen\testest\fractalsexplorer\release\colorizer.obj
c:\users\valen\testest\fractalsexplorer\release\animator.obj
c:\users\valen\testest\fractalsexplorer\release\mandelbrot.obj
c:\users\valen\testest\fractalsexplorer\release\julia.obj
c:\users\valen\testest\fractalsexplorer\release\main.obj
c:\users\valen\testest\fractalsexplorer\release\mandelbrotset.exe
c:\users\valen\testest\fractalsexplorer\release\mandelbrotset.pdb
c:\users\valen\testest\fractalsexplorer\release\mandelbrotset.ipdb
c:\users\valen\testest\fractalsexplorer\release\mandelbrotset.iobj
c:\users\valen\testest\fractalsexplorer\release\mandelbrotset.tlog\cl.command.1.tlog
c:\users\valen\testest\fractalsexplorer\release\mandelbrotset.tlog\cl.read.1.tlog
c:\users\valen\testest\fractalsexplorer\release\mandelbrotset.tlog\cl.write.1.tlog
c:\users\valen\testest\fractalsexplorer\release\mandelbrotset.tlog\link.command.1.tlog
c:\users\valen\testest\fractalsexplorer\release\mandelbrotset.tlog\link.read.1.tlog
c:\users\valen\testest\fractalsexplorer\release\mandelbrotset.tlog\link.write.1.tlog
c:\users\valen\testest\fractalsexplorer\release\mandelbrotset.tlog\mandelbrotset.write.1u.tlog
